<?xml version="1.0" encoding="UTF-8"?>
<!-- Generated by org.testng.reporters.JUnitReportReporter -->
<testsuite hostname="Rudini" failures="0" tests="6" name="com.dikahadir.management.usertest.searchuser.SearchByFilter" time="112.483" errors="0" timestamp="2025-08-24T14:40:32 WIB" skipped="0">
  <testcase classname="com.dikahadir.management.usertest.searchuser.SearchByFilter" name="searchByFilterUnit" time="20.322"/>
  <testcase classname="com.dikahadir.management.usertest.searchuser.SearchByFilter" name="searchByFilterJobLevel" time="18.493"/>
  <testcase classname="com.dikahadir.management.usertest.searchuser.SearchByFilter" name="searchByFilterTipeKaryawan" time="18.736"/>
  <testcase classname="com.dikahadir.management.usertest.searchuser.SearchByFilter" name="searchByFilterPosisiKerja" time="19.565"/>
  <testcase classname="com.dikahadir.management.usertest.searchuser.SearchByFilter" name="searchByFilterLokasiKerja" time="17.947"/>
  <testcase classname="com.dikahadir.management.usertest.searchuser.SearchByFilter" name="searchByFilterStatus" time="17.420"/>
</testsuite> <!-- com.dikahadir.management.usertest.searchuser.SearchByFilter -->
