<?xml version="1.0" encoding="UTF-8"?>
<!-- Generated by org.testng.reporters.JUnitReportReporter -->
<testsuite hostname="Rudini" failures="0" tests="4" name="com.dikahadir.management.usertest.StatusUserTest" time="19.432" errors="0" timestamp="2025-08-22T04:14:25 WIB" skipped="0">
  <testcase classname="com.dikahadir.management.usertest.StatusUserTest" name="activeStatusUser" time="6.369"/>
  <testcase classname="com.dikahadir.management.usertest.StatusUserTest" name="nonactiveStatusUser" time="4.303"/>
  <testcase classname="com.dikahadir.management.usertest.StatusUserTest" name="activeStatusProject" time="4.422"/>
  <testcase classname="com.dikahadir.management.usertest.StatusUserTest" name="nonactiveStatusProject" time="4.338"/>
</testsuite> <!-- com.dikahadir.management.usertest.StatusUserTest -->
