<?xml version="1.0" encoding="UTF-8"?>
<!-- Generated by org.testng.reporters.JUnitReportReporter -->
<testsuite hostname="Rudini" failures="0" tests="1" name="com.dikahadir.management.FileUploadTest" time="4.384" errors="0" timestamp="2025-08-15T08:21:07 WIB" skipped="0">
  <testcase classname="com.dikahadir.management.FileUploadTest" name="fileUploadTest" time="4.384"/>
</testsuite> <!-- com.dikahadir.management.FileUploadTest -->
