<?xml version="1.0" encoding="UTF-8"?>
<!-- Generated by org.testng.reporters.JUnitReportReporter -->
<testsuite hostname="Rudini" failures="0" tests="1" name="com.dikahadir.management.usertest.TriangleMenuTest" time="2.187" errors="0" timestamp="2025-08-14T19:12:16 WIB" skipped="0">
  <testcase classname="com.dikahadir.management.usertest.TriangleMenuTest" name="triangleMenu" time="2.187"/>
</testsuite> <!-- com.dikahadir.management.usertest.TriangleMenuTest -->
