<?xml version="1.0" encoding="UTF-8"?>
<!-- Generated by org.testng.reporters.JUnitReportReporter -->
<testsuite hostname="Rudini" failures="0" tests="1" name="com.dikahadir.management.pendaftaranusertest.RegistrasiUserTest" time="24.254" errors="0" timestamp="2025-08-18T20:36:13 WIB" skipped="0">
  <testcase classname="com.dikahadir.management.pendaftaranusertest.RegistrasiUserTest" name="AcountInformation" time="24.254"/>
</testsuite> <!-- com.dikahadir.management.pendaftaranusertest.RegistrasiUserTest -->
