<?xml version="1.0" encoding="UTF-8"?>
<!-- Generated by org.testng.reporters.JUnitReportReporter -->
<testsuite hostname="Rudini" failures="0" tests="1" name="com.dikahadir.management.pendaftaranusertest.RegistrasiUserTest" time="9.741" errors="0" timestamp="2025-08-15T08:55:00 WIB" skipped="0">
  <testcase classname="com.dikahadir.management.pendaftaranusertest.RegistrasiUserTest" name="registrasiUser" time="9.741"/>
</testsuite> <!-- com.dikahadir.management.pendaftaranusertest.RegistrasiUserTest -->
