<?xml version="1.0" encoding="UTF-8"?>
<!-- Generated by org.testng.reporters.JUnitReportReporter -->
<testsuite hostname="Rudini" failures="0" tests="10" name="com.dikahadir.management.usertest.SearchUserTest" time="157.433" errors="0" timestamp="2025-08-23T19:15:03 WIB" skipped="0">
  <testcase classname="com.dikahadir.management.usertest.SearchUserTest" name="searchName" time="11.980"/>
  <testcase classname="com.dikahadir.management.usertest.SearchUserTest" name="searchNik" time="12.111"/>
  <testcase classname="com.dikahadir.management.usertest.SearchUserTest" name="searchByNameinputNik" time="12.247"/>
  <testcase classname="com.dikahadir.management.usertest.SearchUserTest" name="searchByNikInputName" time="12.035"/>
  <testcase classname="com.dikahadir.management.usertest.SearchUserTest" name="searchByFilterUnit" time="19.088"/>
  <testcase classname="com.dikahadir.management.usertest.SearchUserTest" name="searchByFilterJobLevel" time="18.408"/>
  <testcase classname="com.dikahadir.management.usertest.SearchUserTest" name="searchByFilterTipeKaryawan" time="18.422"/>
  <testcase classname="com.dikahadir.management.usertest.SearchUserTest" name="searchByFilterPosisiKerja" time="18.649"/>
  <testcase classname="com.dikahadir.management.usertest.SearchUserTest" name="searchByFilterLokasiKerja" time="16.068"/>
  <testcase classname="com.dikahadir.management.usertest.SearchUserTest" name="searchByFilterStatus" time="18.425"/>
</testsuite> <!-- com.dikahadir.management.usertest.SearchUserTest -->
