<?xml version="1.0" encoding="UTF-8"?>
<!-- Generated by org.testng.reporters.JUnitReportReporter -->
<testsuite hostname="Rudini" failures="0" tests="4" name="com.dikahadir.management.usertest.StatusUserTest" time="17.165" errors="0" timestamp="2025-08-14T15:34:43 WIB" skipped="0">
  <testcase classname="com.dikahadir.management.usertest.StatusUserTest" name="activeStatusUser" time="4.254"/>
  <testcase classname="com.dikahadir.management.usertest.StatusUserTest" name="nonactiveStatusUser" time="4.301"/>
  <testcase classname="com.dikahadir.management.usertest.StatusUserTest" name="activeStatusProject" time="4.316"/>
  <testcase classname="com.dikahadir.management.usertest.StatusUserTest" name="nonactiveStatusProject" time="4.294"/>
</testsuite> <!-- com.dikahadir.management.usertest.StatusUserTest -->
